%!Adobe-FontList 1.19
%Locale:0x409

%BeginFont
Handler:DirectoryHandler
FontType:TrueType
FontName:PlutoSansDPDLight
FamilyName:Pluto Sans DPD
StyleName:Light
MenuName:Pluto Sans DPD Light
StyleBits:0
WeightClass:370
WidthClass:5
AngleClass:0
FullName:Pluto Sans DPD Light
WritingScript:Roman
OutlineFileName:\PlutoSansDPDLight.ttf
DataFormat:sfntData
hasSVG:no
VariableFontType:NonVariableFont
FileLength:151952
FileModTime:1405281884
NameArray:0,Mac,4,Pluto Sans DPD Light
NameArray:0,Win,1,Pluto Sans DPD Light
NameArray:0,Win,16,Pluto Sans DPD
%EndFont

%BeginFont
Handler:DirectoryHandler
FontType:TrueType
FontName:PlutoSansDPDExtraLight
FamilyName:Pluto Sans DPD
StyleName:ExtraLight
MenuName:Pluto Sans DPD ExtraLight
StyleBits:0
WeightClass:350
WidthClass:5
AngleClass:0
FullName:Pluto Sans DPD ExtraLight
WritingScript:Roman
OutlineFileName:\PlutoSansDPDExtraLight.ttf
DataFormat:sfntData
hasSVG:no
VariableFontType:NonVariableFont
FileLength:152756
FileModTime:1405281878
NameArray:0,Mac,4,Pluto Sans DPD ExtraLight
NameArray:0,Win,1,Pluto Sans DPD ExtraLight
NameArray:0,Win,16,Pluto Sans DPD
%EndFont

%BeginFont
Handler:DirectoryHandler
FontType:TrueType
FontName:PlutoSansDPDRegular
FamilyName:Pluto Sans DPD
StyleName:Regular
MenuName:Pluto Sans DPD
StyleBits:0
WeightClass:400
WidthClass:5
AngleClass:0
FullName:Pluto Sans DPD Regular
WritingScript:Roman
OutlineFileName:\PlutoSansDPDRegular.ttf
DataFormat:sfntData
hasSVG:no
VariableFontType:NonVariableFont
FileLength:150164
FileModTime:1405281890
NameArray:0,Mac,4,Pluto Sans DPD Regular
NameArray:0,Win,1,Pluto Sans DPD
NameArray:0,Win,16,Pluto Sans DPD
%EndFont

